<?xml version="1.0" encoding="UTF-8"?>
<!-- Generated by org.testng.reporters.JUnitReportReporter -->
<testsuite hostname="QSP" failures="0" tests="5" name="testng.Test1" time="0.054" errors="0" timestamp="2021-05-29T07:55:59 IST" skipped="0">
  <testcase classname="testng.Test1" name="calls" time="0.034"/>
  <testcase classname="testng.Test1" name="chats" time="0.004"/>
  <testcase classname="testng.Test1" name="status" time="0.007"/>
  <testcase classname="testng.Test1" name="chats" time="0.006"/>
  <testcase classname="testng.Test1" name="chats" time="0.003"/>
</testsuite> <!-- testng.Test1 -->
