<?xml version="1.0" encoding="UTF-8"?>
<!-- Generated by org.testng.reporters.JUnitReportReporter -->
<testsuite hostname="QSP" failures="0" tests="1" name="testng.Testcase1" time="15.767" errors="0" timestamp="2021-05-29T08:15:36 IST" skipped="0">
  <testcase classname="testng.Testcase1" name="login" time="15.767"/>
</testsuite> <!-- testng.Testcase1 -->
