<?xml version="1.0" encoding="UTF-8"?>
<!-- Generated by org.testng.reporters.JUnitReportReporter -->
<testsuite hostname="QSP" failures="0" tests="1" name="testng.Test0" time="0.036" errors="0" timestamp="2021-05-29T07:44:27 IST" skipped="0">
  <testcase classname="testng.Test0" name="demo" time="0.036"/>
</testsuite> <!-- testng.Test0 -->
